2018-12-20 08:01:16 +0000  Initial pipeline context: <IDEDistributionProcessingPipelineContext: 0x7f7fcde0fc90; archive(resolved)='<IDEArchive: 0x7f7fe92f4b20>', distributionTask(resolved)='2', distributionDestination(resolved)='1', distributionMethod(resolved)='<IDEDistributionMethodiOSAppStoreDistribution: 0x7f7fe7922920>', team(resolved)='<IDEProvisioningDisambiguatableBasicTeam: 0x7f7fe09b1eb0; teamID='Q6F5GPUR85', teamName='chen zhiyan', teamType='Individual', username='zhiyan.chen409@gmail.com', isFreeProvisioningTeam='0'>'>
	Chain (12, self inclusive):
	<IDEDistributionProcessingPipelineContext: 0x7f7fcde0fc90; archive = '<IDEArchive: 0x7f7fe92f4b20>', distributionMethod='<IDEDistributionMethodiOSAppStoreDistribution: 0x7f7fe7922920>', team='<IDEProvisioningDisambiguatableBasicTeam: 0x7f7fe09b1eb0; teamID='Q6F5GPUR85', teamName='chen zhiyan', teamType='Individual', username='zhiyan.chen409@gmail.com', isFreeProvisioningTeam='0'>'>
	<IDEDistributionProcessingPipelineContext: 0x7f7fced75530; archive = '<IDEArchive: 0x7f7fe92f4b20>', distributionMethod='<IDEDistributionMethodiOSAppStoreDistribution: 0x7f7fe7922920>', team='<IDEProvisioningDisambiguatableBasicTeam: 0x7f7fe09b1eb0; teamID='Q6F5GPUR85', teamName='chen zhiyan', teamType='Individual', username='zhiyan.chen409@gmail.com', isFreeProvisioningTeam='0'>'>
	<IDEDistributionContext: 0x7f7fced6b7f0; archive = '<IDEArchive: 0x7f7fe92f4b20>', distributionMethod='<IDEDistributionMethodiOSAppStoreDistribution: 0x7f7fe7922920>', team='<IDEProvisioningDisambiguatableBasicTeam: 0x7f7fe09b1eb0; teamID='Q6F5GPUR85', teamName='chen zhiyan', teamType='Individual', username='zhiyan.chen409@gmail.com', isFreeProvisioningTeam='0'>'>
	<IDEDistributionContext: 0x7f7fcdf1c410; archive = '<IDEArchive: 0x7f7fe92f4b20>', distributionMethod='<IDEDistributionMethodiOSAppStoreDistribution: 0x7f7fe7922920>', team='<IDEProvisioningDisambiguatableBasicTeam: 0x7f7fe09b1eb0; teamID='Q6F5GPUR85', teamName='chen zhiyan', teamType='Individual', username='zhiyan.chen409@gmail.com', isFreeProvisioningTeam='0'>'>
	<IDEDistributionContext: 0x7f7fcdbed1b0; archive = '<IDEArchive: 0x7f7fe92f4b20>', distributionMethod='<IDEDistributionMethodiOSAppStoreDistribution: 0x7f7fe7922920>', team='<IDEProvisioningDisambiguatableBasicTeam: 0x7f7fe09b1eb0; teamID='Q6F5GPUR85', teamName='chen zhiyan', teamType='Individual', username='zhiyan.chen409@gmail.com', isFreeProvisioningTeam='0'>'>
	<IDEDistributionContext: 0x7f7fcebf1a60; archive = '<IDEArchive: 0x7f7fe92f4b20>', distributionMethod='<IDEDistributionMethodiOSAppStoreDistribution: 0x7f7fe7922920>', team='<IDEProvisioningDisambiguatableBasicTeam: 0x7f7fe09b1eb0; teamID='Q6F5GPUR85', teamName='chen zhiyan', teamType='Individual', username='zhiyan.chen409@gmail.com', isFreeProvisioningTeam='0'>'>
	<IDEDistributionContext: 0x7f7fcde880b0; archive = '<IDEArchive: 0x7f7fe92f4b20>', distributionMethod='<IDEDistributionMethodiOSAppStoreDistribution: 0x7f7fe7922920>', team='<IDEProvisioningDisambiguatableBasicTeam: 0x7f7fe09b1eb0; teamID='Q6F5GPUR85', teamName='chen zhiyan', teamType='Individual', username='zhiyan.chen409@gmail.com', isFreeProvisioningTeam='0'>'>
	<IDEDistributionContext: 0x7f7fceb02200; archive = '<IDEArchive: 0x7f7fe92f4b20>', distributionMethod='<IDEDistributionMethodiOSAppStoreDistribution: 0x7f7fe7922920>', team='<IDEProvisioningDisambiguatableBasicTeam: 0x7f7fe09b1eb0; teamID='Q6F5GPUR85', teamName='chen zhiyan', teamType='Individual', username='zhiyan.chen409@gmail.com', isFreeProvisioningTeam='0'>'>
	<IDEDistributionContext: 0x7f7fe7a7e570; archive = '<IDEArchive: 0x7f7fe92f4b20>', distributionMethod='<IDEDistributionMethodiOSAppStoreDistribution: 0x7f7fe7922920>', team='<IDEProvisioningDisambiguatableBasicTeam: 0x7f7fe09b1eb0; teamID='Q6F5GPUR85', teamName='chen zhiyan', teamType='Individual', username='zhiyan.chen409@gmail.com', isFreeProvisioningTeam='0'>'>
	<IDEDistributionContext: 0x7f7fcd6ebef0; archive = '<IDEArchive: 0x7f7fe92f4b20>', distributionMethod='<IDEDistributionMethodiOSAppStoreDistribution: 0x7f7fe7922920>', team='(null)'>
	<IDEDistributionContext: 0x7f7fcddbe150; archive = '<IDEArchive: 0x7f7fe92f4b20>', distributionMethod='<IDEDistributionMethodiOSAppStoreDistribution: 0x7f7fe7922920>', team='(null)'>
	<IDEDistributionContext: 0x7f7fcebb81d0; archive = '<IDEArchive: 0x7f7fe92f4b20>', distributionMethod='(null)', team='(null)'>
</IDEDistributionProcessingPipelineContext: 0x7f7fcde0fc90>
2018-12-20 08:01:16 +0000  Processing step: IDEDistributionCreateDestRootStep
2018-12-20 08:01:16 +0000  Processing step: IDEDistributionCopyItemStep
2018-12-20 08:01:16 +0000  Running /usr/bin/ditto '-V' '/Users/anwenhu/Library/Developer/Xcode/Archives/2018-12-20/旅游攻略chen 2018-12-20 下午4.00.xcarchive/Products/Applications/旅游攻略chen.app' '/var/folders/lb/tby1gwds2fnb89dzkf4cq3xh0000gn/T/XcodeDistPipeline.FbM/Root/Payload/旅游攻略chen.app'
2018-12-20 08:01:16 +0000  >>> Copying /Users/anwenhu/Library/Developer/Xcode/Archives/2018-12-20/旅游攻略chen 2018-12-20 下午4.00.xcarchive/Products/Applications/旅游攻略chen.app 
2018-12-20 08:01:16 +0000  copying file ./_CodeSignature/CodeResources ... 
2018-12-20 08:01:16 +0000  95319 bytes for ./_CodeSignature/CodeResources
2018-12-20 08:01:16 +0000  copying file ./AppIcon_Chen_LYGL20x20@2x~ipad.png ... 
2018-12-20 08:01:16 +0000  2136 bytes for ./AppIcon_Chen_LYGL20x20@2x~ipad.png
2018-12-20 08:01:16 +0000  copying file ./zh-Hans.lproj/InfoPlist.strings ... 
2018-12-20 08:01:16 +0000  42 bytes for ./zh-Hans.lproj/InfoPlist.strings
2018-12-20 08:01:16 +0000  copying file ./旅游攻略chen ... 
2018-12-20 08:01:18 +0000  50089744 bytes for ./旅游攻略chen
2018-12-20 08:01:18 +0000  copying file ./LaunchImage_Chen_LYGL-1200-Portrait-2688h@3x.png ... 
2018-12-20 08:01:18 +0000  63536 bytes for ./LaunchImage_Chen_LYGL-1200-Portrait-2688h@3x.png
2018-12-20 08:01:18 +0000  copying file ./back@2x.png ... 
2018-12-20 08:01:18 +0000  293 bytes for ./back@2x.png
2018-12-20 08:01:18 +0000  copying file ./en.lproj/InfoPlist.strings ... 
2018-12-20 08:01:18 +0000  42 bytes for ./en.lproj/InfoPlist.strings
copying file ./AppIcon_Chen_LYGL29x29@2x~ipad.png ... 
2018-12-20 08:01:18 +0000  3237 bytes for ./AppIcon_Chen_LYGL29x29@2x~ipad.png
2018-12-20 08:01:18 +0000  copying file ./LaunchImage_Chen_LYGL-700-568h@2x.png ... 
2018-12-20 08:01:18 +0000  24844 bytes for ./LaunchImage_Chen_LYGL-700-568h@2x.png
2018-12-20 08:01:18 +0000  copying file ./WeiboSDK.bundle/images/common_button_white_highlighted@2x.png ... 
378 bytes for ./WeiboSDK.bundle/images/common_button_white_highlighted@2x.png
copying file ./WeiboSDK.bundle/images/common_button_white@2x.png ... 
367 bytes for ./WeiboSDK.bundle/images/common_button_white@2x.png
copying file ./WeiboSDK.bundle/images/empty_failed@2x.png ... 
2018-12-20 08:01:18 +0000  4136 bytes for ./WeiboSDK.bundle/images/empty_failed@2x.png
2018-12-20 08:01:18 +0000  copying file ./WeiboSDK.bundle/others/mfp.cer ... 
577 bytes for ./WeiboSDK.bundle/others/mfp.cer
copying file ./back@3x.png ... 
966 bytes for ./back@3x.png
copying file ./back@2x~ipad.png ... 
221 bytes for ./back@2x~ipad.png
copying file ./AppIcon_Chen_LYGL29x29~ipad.png ... 
1462 bytes for ./AppIcon_Chen_LYGL29x29~ipad.png
copying file ./cloud.bundle/play_noband@2x.ytcx ... 
1922 bytes for ./cloud.bundle/play_noband@2x.ytcx
copying file ./cloud.bundle/mute.mp3 ... 
2018-12-20 08:01:18 +0000  60343 bytes for ./cloud.bundle/mute.mp3
2018-12-20 08:01:18 +0000  copying file ./cloud.bundle/corner_tudou_gray@3x.ytcx ... 
2018-12-20 08:01:19 +0000  16450 bytes for ./cloud.bundle/corner_tudou_gray@3x.ytcx
copying file ./cloud.bundle/toggle_quality@2x~ipad.ytcx ... 
2018-12-20 08:01:19 +0000  5810 bytes for ./cloud.bundle/toggle_quality@2x~ipad.ytcx
2018-12-20 08:01:19 +0000  copying file ./cloud.bundle/ad_arrow@2x~ipad.ytcx ... 
1202 bytes for ./cloud.bundle/ad_arrow@2x~ipad.ytcx
copying file ./cloud.bundle/bplay@2x.ytcx ... 
3730 bytes for ./cloud.bundle/bplay@2x.ytcx
copying file ./cloud.bundle/player_logo_full_tudou@2x~ipad.ytcx ... 
2018-12-20 08:01:19 +0000  82818 bytes for ./cloud.bundle/player_logo_full_tudou@2x~ipad.ytcx
copying file ./cloud.bundle/loading_normal@3x.ytcx ... 
1474 bytes for ./cloud.bundle/loading_normal@3x.ytcx
copying file ./cloud.bundle/ad_fullscreen~ipad.ytcx ... 
1810 bytes for ./cloud.bundle/ad_fullscreen~ipad.ytcx
copying file ./cloud.bundle/player_logo_full_tudou@3x.ytcx ... 
2018-12-20 08:01:19 +0000  6914 bytes for ./cloud.bundle/player_logo_full_tudou@3x.ytcx
2018-12-20 08:01:19 +0000  copying file ./cloud.bundle/player_logo_full@3x.ytcx ... 
2018-12-20 08:01:19 +0000  6562 bytes for ./cloud.bundle/player_logo_full@3x.ytcx
2018-12-20 08:01:20 +0000  copying file ./cloud.bundle/tip_play@3x.ytcx ... 
1362 bytes for ./cloud.bundle/tip_play@3x.ytcx
copying file ./cloud.bundle/corner_tudou~ipad.ytcx ... 
2018-12-20 08:01:20 +0000  67570 bytes for ./cloud.bundle/corner_tudou~ipad.ytcx
copying file ./cloud.bundle/ad_volume@2x~ipad.ytcx ... 
2018-12-20 08:01:20 +0000  2770 bytes for ./cloud.bundle/ad_volume@2x~ipad.ytcx
2018-12-20 08:01:20 +0000  copying file ./cloud.bundle/loading_youku@2x~ipad.ytcx ... 
2018-12-20 08:01:20 +0000  53826 bytes for ./cloud.bundle/loading_youku@2x~ipad.ytcx
2018-12-20 08:01:20 +0000  copying file ./cloud.bundle/play@2x.ytcx ... 
2962 bytes for ./cloud.bundle/play@2x.ytcx
copying file ./cloud.bundle/ic_close@2x~ipad.ytcx ... 
1714 bytes for ./cloud.bundle/ic_close@2x~ipad.ytcx
copying file ./cloud.bundle/corner_youku_gray@3x.ytcx ... 
2018-12-20 08:01:20 +0000  17074 bytes for ./cloud.bundle/corner_youku_gray@3x.ytcx
copying file ./cloud.bundle/wenjuan_close@2x.ytcx ... 
1234 bytes for ./cloud.bundle/wenjuan_close@2x.ytcx
copying file ./cloud.bundle/bplay~ipad.ytcx ... 
3810 bytes for ./cloud.bundle/bplay~ipad.ytcx
copying file ./cloud.bundle/tip_play~ipad.ytcx ... 
898 bytes for ./cloud.bundle/tip_play~ipad.ytcx
copying file ./cloud.bundle/corner_youku@2x~ipad.ytcx ... 
2018-12-20 08:01:20 +0000  4578 bytes for ./cloud.bundle/corner_youku@2x~ipad.ytcx
copying file ./cloud.bundle/loading_normal@2x.ytcx ... 
2018-12-20 08:01:20 +0000  978 bytes for ./cloud.bundle/loading_normal@2x.ytcx
copying file ./cloud.bundle/toggle_quality~ipad.ytcx ... 
2754 bytes for ./cloud.bundle/toggle_quality~ipad.ytcx
copying file ./cloud.bundle/bplay@3x.ytcx ... 
1058 bytes for ./cloud.bundle/bplay@3x.ytcx
copying file ./cloud.bundle/corner_youku_gray~ipad.ytcx ... 
2018-12-20 08:01:20 +0000  16498 bytes for ./cloud.bundle/corner_youku_gray~ipad.ytcx
2018-12-20 08:01:20 +0000  copying file ./cloud.bundle/player_logo_full@2x.ytcx ... 
2018-12-20 08:01:20 +0000  8642 bytes for ./cloud.bundle/player_logo_full@2x.ytcx
2018-12-20 08:01:20 +0000  copying file ./cloud.bundle/ad_volume_off@2x~ipad.ytcx ... 
2018-12-20 08:01:20 +0000  2418 bytes for ./cloud.bundle/ad_volume_off@2x~ipad.ytcx
2018-12-20 08:01:20 +0000  copying file ./cloud.bundle/tip_play@2x.ytcx ... 
2018-12-20 08:01:20 +0000  3570 bytes for ./cloud.bundle/tip_play@2x.ytcx
2018-12-20 08:01:20 +0000  copying file ./cloud.bundle/point@2x~ipad.ytcx ... 
2018-12-20 08:01:20 +0000  4594 bytes for ./cloud.bundle/point@2x~ipad.ytcx
2018-12-20 08:01:20 +0000  copying file ./cloud.bundle/player_logo_full_tudou@2x.ytcx ... 
2018-12-20 08:01:20 +0000  64194 bytes for ./cloud.bundle/player_logo_full_tudou@2x.ytcx
2018-12-20 08:01:20 +0000  copying file ./cloud.bundle/play_noband@3x.ytcx ... 
2018-12-20 08:01:20 +0000  2562 bytes for ./cloud.bundle/play_noband@3x.ytcx
2018-12-20 08:01:20 +0000  copying file ./cloud.bundle/player_logo_small@2x~ipad.ytcx ... 
2018-12-20 08:01:20 +0000  9730 bytes for ./cloud.bundle/player_logo_small@2x~ipad.ytcx
2018-12-20 08:01:20 +0000  copying file ./cloud.bundle/ad_out@2x~ipad.ytcx ... 
2018-12-20 08:01:20 +0000  1474 bytes for ./cloud.bundle/ad_out@2x~ipad.ytcx
2018-12-20 08:01:20 +0000  copying file ./cloud.bundle/tip_play@2x~ipad.ytcx ... 
2018-12-20 08:01:20 +0000  1778 bytes for ./cloud.bundle/tip_play@2x~ipad.ytcx
2018-12-20 08:01:20 +0000  copying file ./cloud.bundle/corner_tudou_gray@2x.ytcx ... 
2018-12-20 08:01:20 +0000  15650 bytes for ./cloud.bundle/corner_tudou_gray@2x.ytcx
2018-12-20 08:01:20 +0000  copying file ./cloud.bundle/tip_play_noband~ipad.ytcx ... 
2018-12-20 08:01:20 +0000  14994 bytes for ./cloud.bundle/tip_play_noband~ipad.ytcx
2018-12-20 08:01:20 +0000  copying file ./cloud.bundle/wenjuan_close@3x.ytcx ... 
2018-12-20 08:01:20 +0000  1330 bytes for ./cloud.bundle/wenjuan_close@3x.ytcx
2018-12-20 08:01:20 +0000  copying file ./cloud.bundle/ad_fullscreen@2x~ipad.ytcx ... 
2018-12-20 08:01:20 +0000  1794 bytes for ./cloud.bundle/ad_fullscreen@2x~ipad.ytcx
2018-12-20 08:01:20 +0000  copying file ./cloud.bundle/corner_youku_gray@2x.ytcx ... 
2018-12-20 08:01:20 +0000  16162 bytes for ./cloud.bundle/corner_youku_gray@2x.ytcx
2018-12-20 08:01:20 +0000  copying file ./cloud.bundle/ic_close~ipad.ytcx ... 
2018-12-20 08:01:20 +0000  1394 bytes for ./cloud.bundle/ic_close~ipad.ytcx
2018-12-20 08:01:20 +0000  copying file ./cloud.bundle/loading_normal~ipad.ytcx ... 
2018-12-20 08:01:20 +0000  802 bytes for ./cloud.bundle/loading_normal~ipad.ytcx
2018-12-20 08:01:20 +0000  copying file ./cloud.bundle/play~ipad.ytcx ... 
2018-12-20 08:01:20 +0000  2818 bytes for ./cloud.bundle/play~ipad.ytcx
copying file ./cloud.bundle/player_logo_full~ipad.ytcx ... 
2018-12-20 08:01:20 +0000  6882 bytes for ./cloud.bundle/player_logo_full~ipad.ytcx
2018-12-20 08:01:20 +0000  copying file ./cloud.bundle/player_logo_small~ipad.ytcx ... 
2018-12-20 08:01:20 +0000  4850 bytes for ./cloud.bundle/player_logo_small~ipad.ytcx
2018-12-20 08:01:20 +0000  copying file ./cloud.bundle/tip_point~ipad.ytcx ... 
2018-12-20 08:01:20 +0000  338 bytes for ./cloud.bundle/tip_point~ipad.ytcx
2018-12-20 08:01:20 +0000  copying file ./cloud.bundle/point~ipad.ytcx ... 
2018-12-20 08:01:20 +0000  2578 bytes for ./cloud.bundle/point~ipad.ytcx
2018-12-20 08:01:20 +0000  copying file ./cloud.bundle/play@3x.ytcx ... 
2018-12-20 08:01:20 +0000  4098 bytes for ./cloud.bundle/play@3x.ytcx
2018-12-20 08:01:20 +0000  copying file ./cloud.bundle/corner_tudou@2x~ipad.ytcx ... 
2018-12-20 08:01:20 +0000  60850 bytes for ./cloud.bundle/corner_tudou@2x~ipad.ytcx
2018-12-20 08:01:20 +0000  copying file ./cloud.bundle/loading_normal@2x~ipad.ytcx ... 
2018-12-20 08:01:20 +0000  1634 bytes for ./cloud.bundle/loading_normal@2x~ipad.ytcx
2018-12-20 08:01:20 +0000  copying file ./cloud.bundle/pause@3x.ytcx ... 
2018-12-20 08:01:20 +0000  15426 bytes for ./cloud.bundle/pause@3x.ytcx
2018-12-20 08:01:20 +0000  copying file ./cloud.bundle/player_logo_full_tudou~ipad.ytcx ... 
2018-12-20 08:01:20 +0000  5266 bytes for ./cloud.bundle/player_logo_full_tudou~ipad.ytcx
2018-12-20 08:01:20 +0000  copying file ./cloud.bundle/point@3x.ytcx ... 
2018-12-20 08:01:20 +0000  3586 bytes for ./cloud.bundle/point@3x.ytcx
2018-12-20 08:01:20 +0000  copying file ./cloud.bundle/player_logo_small@2x.ytcx ... 
2018-12-20 08:01:20 +0000  6978 bytes for ./cloud.bundle/player_logo_small@2x.ytcx
2018-12-20 08:01:20 +0000  copying file ./cloud.bundle/pause_noband@2x~ipad.ytcx ... 
2018-12-20 08:01:20 +0000  306 bytes for ./cloud.bundle/pause_noband@2x~ipad.ytcx
2018-12-20 08:01:20 +0000  copying file ./cloud.bundle/player_logo_small_tudou@3x.ytcx ... 
2018-12-20 08:01:20 +0000  4370 bytes for ./cloud.bundle/player_logo_small_tudou@3x.ytcx
2018-12-20 08:01:20 +0000  copying file ./cloud.bundle/ad_arrow@3x.ytcx ... 
2018-12-20 08:01:20 +0000  1490 bytes for ./cloud.bundle/ad_arrow@3x.ytcx
2018-12-20 08:01:20 +0000  copying file ./cloud.bundle/yymlogmoudle.plist ... 
2018-12-20 08:01:20 +0000  316 bytes for ./cloud.bundle/yymlogmoudle.plist
2018-12-20 08:01:20 +0000  copying file ./cloud.bundle/bplay@2x~ipad.ytcx ... 
2018-12-20 08:01:20 +0000  5250 bytes for ./cloud.bundle/bplay@2x~ipad.ytcx
2018-12-20 08:01:20 +0000  copying file ./cloud.bundle/logo@2x~ipad.ytcx ... 
2018-12-20 08:01:20 +0000  10962 bytes for ./cloud.bundle/logo@2x~ipad.ytcx
2018-12-20 08:01:20 +0000  copying file ./cloud.bundle/ad_close~ipad.ytcx ... 
2018-12-20 08:01:20 +0000  1522 bytes for ./cloud.bundle/ad_close~ipad.ytcx
2018-12-20 08:01:20 +0000  copying file ./cloud.bundle/wenjuan_close@2x~ipad.ytcx ... 
2018-12-20 08:01:20 +0000  994 bytes for ./cloud.bundle/wenjuan_close@2x~ipad.ytcx
2018-12-20 08:01:20 +0000  copying file ./cloud.bundle/ad_volume@2x.ytcx ... 
2018-12-20 08:01:20 +0000  2194 bytes for ./cloud.bundle/ad_volume@2x.ytcx
2018-12-20 08:01:20 +0000  copying file ./cloud.bundle/tip_play_noband@2x~ipad.ytcx ... 
2018-12-20 08:01:20 +0000  15458 bytes for ./cloud.bundle/tip_play_noband@2x~ipad.ytcx
2018-12-20 08:01:20 +0000  copying file ./cloud.bundle/logo@2x.ytcx ... 
2018-12-20 08:01:20 +0000  5730 bytes for ./cloud.bundle/logo@2x.ytcx
2018-12-20 08:01:20 +0000  copying file ./cloud.bundle/corner_tudou_gray~ipad.ytcx ... 
2018-12-20 08:01:20 +0000  15778 bytes for ./cloud.bundle/corner_tudou_gray~ipad.ytcx
2018-12-20 08:01:20 +0000  copying file ./cloud.bundle/ad_out@2x.ytcx ... 
2018-12-20 08:01:20 +0000  1458 bytes for ./cloud.bundle/ad_out@2x.ytcx
2018-12-20 08:01:20 +0000  copying file ./cloud.bundle/corner_youku@3x.ytcx ... 
2018-12-20 08:01:20 +0000  3042 bytes for ./cloud.bundle/corner_youku@3x.ytcx
2018-12-20 08:01:20 +0000  copying file ./cloud.bundle/ic_close@3x.ytcx ... 
2018-12-20 08:01:20 +0000  1698 bytes for ./cloud.bundle/ic_close@3x.ytcx
copying file ./cloud.bundle/ad_arrow~ipad.ytcx ... 
2018-12-20 08:01:20 +0000  322 bytes for ./cloud.bundle/ad_arrow~ipad.ytcx
2018-12-20 08:01:20 +0000  copying file ./cloud.bundle/full_screen@2x.ytcx ... 
2018-12-20 08:01:20 +0000  1474 bytes for ./cloud.bundle/full_screen@2x.ytcx
copying file ./cloud.bundle/loading_youku@3x.ytcx ... 
2018-12-20 08:01:20 +0000  1554 bytes for ./cloud.bundle/loading_youku@3x.ytcx
2018-12-20 08:01:20 +0000  copying file ./cloud.bundle/tip_point@2x.ytcx ... 
2018-12-20 08:01:20 +0000  3058 bytes for ./cloud.bundle/tip_point@2x.ytcx
2018-12-20 08:01:20 +0000  copying file ./cloud.bundle/play_noband@2x~ipad.ytcx ... 
2018-12-20 08:01:20 +0000  1346 bytes for ./cloud.bundle/play_noband@2x~ipad.ytcx
2018-12-20 08:01:20 +0000  copying file ./cloud.bundle/full_out@2x.ytcx ... 
2018-12-20 08:01:20 +0000  1538 bytes for ./cloud.bundle/full_out@2x.ytcx
2018-12-20 08:01:20 +0000  copying file ./cloud.bundle/ad_fullscreen@2x.ytcx ... 
2018-12-20 08:01:20 +0000  1378 bytes for ./cloud.bundle/ad_fullscreen@2x.ytcx
2018-12-20 08:01:20 +0000  copying file ./cloud.bundle/ad_close@3x.ytcx ... 
2018-12-20 08:01:20 +0000  1522 bytes for ./cloud.bundle/ad_close@3x.ytcx
2018-12-20 08:01:20 +0000  copying file ./cloud.bundle/toggle_quality@2x.ytcx ... 
2018-12-20 08:01:20 +0000  4178 bytes for ./cloud.bundle/toggle_quality@2x.ytcx
2018-12-20 08:01:20 +0000  copying file ./cloud.bundle/tip_play_noband@2x.ytcx ... 
2018-12-20 08:01:20 +0000  17746 bytes for ./cloud.bundle/tip_play_noband@2x.ytcx
2018-12-20 08:01:20 +0000  copying file ./cloud.bundle/tip_point@2x~ipad.ytcx ... 
2018-12-20 08:01:20 +0000  610 bytes for ./cloud.bundle/tip_point@2x~ipad.ytcx
2018-12-20 08:01:20 +0000  copying file ./cloud.bundle/corner_tudou@2x.ytcx ... 
2018-12-20 08:01:20 +0000  55426 bytes for ./cloud.bundle/corner_tudou@2x.ytcx
2018-12-20 08:01:20 +0000  copying file ./cloud.bundle/play_noband~ipad.ytcx ... 
2018-12-20 08:01:20 +0000  706 bytes for ./cloud.bundle/play_noband~ipad.ytcx
2018-12-20 08:01:20 +0000  copying file ./cloud.bundle/ad_volume_off@3x.ytcx ... 
2018-12-20 08:01:20 +0000  3010 bytes for ./cloud.bundle/ad_volume_off@3x.ytcx
2018-12-20 08:01:20 +0000  copying file ./cloud.bundle/pause_noband@3x.ytcx ... 
2018-12-20 08:01:20 +0000  1218 bytes for ./cloud.bundle/pause_noband@3x.ytcx
copying file ./cloud.bundle/ad_out~ipad.ytcx ... 
2018-12-20 08:01:20 +0000  1538 bytes for ./cloud.bundle/ad_out~ipad.ytcx
2018-12-20 08:01:20 +0000  copying file ./cloud.bundle/pause_noband~ipad.ytcx ... 
2018-12-20 08:01:20 +0000  242 bytes for ./cloud.bundle/pause_noband~ipad.ytcx
2018-12-20 08:01:20 +0000  copying file ./cloud.bundle/logo@3x.ytcx ... 
2018-12-20 08:01:20 +0000  19330 bytes for ./cloud.bundle/logo@3x.ytcx
2018-12-20 08:01:20 +0000  copying file ./cloud.bundle/ad_volume@3x.ytcx ... 
2018-12-20 08:01:20 +0000  3010 bytes for ./cloud.bundle/ad_volume@3x.ytcx
2018-12-20 08:01:20 +0000  copying file ./cloud.bundle/player_logo_small_tudou~ipad.ytcx ... 
2018-12-20 08:01:20 +0000  68402 bytes for ./cloud.bundle/player_logo_small_tudou~ipad.ytcx
2018-12-20 08:01:20 +0000  copying file ./cloud.bundle/player_logo_small_tudou@2x~ipad.ytcx ... 
2018-12-20 08:01:20 +0000  75858 bytes for ./cloud.bundle/player_logo_small_tudou@2x~ipad.ytcx
2018-12-20 08:01:20 +0000  copying file ./cloud.bundle/ad_volume~ipad.ytcx ... 
2018-12-20 08:01:20 +0000  1938 bytes for ./cloud.bundle/ad_volume~ipad.ytcx
2018-12-20 08:01:20 +0000  copying file ./cloud.bundle/corner_tudou_gray@2x~ipad.ytcx ... 
2018-12-20 08:01:20 +0000  16994 bytes for ./cloud.bundle/corner_tudou_gray@2x~ipad.ytcx
2018-12-20 08:01:20 +0000  copying file ./cloud.bundle/ic_close@2x.ytcx ... 
2018-12-20 08:01:20 +0000  1666 bytes for ./cloud.bundle/ic_close@2x.ytcx
2018-12-20 08:01:20 +0000  copying file ./cloud.bundle/corner_youku@2x.ytcx ... 
2018-12-20 08:01:20 +0000  1906 bytes for ./cloud.bundle/corner_youku@2x.ytcx
2018-12-20 08:01:20 +0000  copying file ./cloud.bundle/ad_out@3x.ytcx ... 
2018-12-20 08:01:20 +0000  1890 bytes for ./cloud.bundle/ad_out@3x.ytcx
2018-12-20 08:01:20 +0000  copying file ./cloud.bundle/wenjuan_close~ipad.ytcx ... 
2018-12-20 08:01:20 +0000  1330 bytes for ./cloud.bundle/wenjuan_close~ipad.ytcx
2018-12-20 08:01:20 +0000  copying file ./cloud.bundle/loading_youku~ipad.ytcx ... 
2018-12-20 08:01:20 +0000  51394 bytes for ./cloud.bundle/loading_youku~ipad.ytcx
copying file ./cloud.bundle/pause@2x~ipad.ytcx ... 
2018-12-20 08:01:21 +0000  1154 bytes for ./cloud.bundle/pause@2x~ipad.ytcx
copying file ./cloud.bundle/point@2x.ytcx ... 
2018-12-20 08:01:21 +0000  4802 bytes for ./cloud.bundle/point@2x.ytcx
copying file ./cloud.bundle/player_logo_small@3x.ytcx ... 
2018-12-20 08:01:21 +0000  4178 bytes for ./cloud.bundle/player_logo_small@3x.ytcx
2018-12-20 08:01:21 +0000  copying file ./cloud.bundle/logo~ipad.ytcx ... 
2018-12-20 08:01:21 +0000  7634 bytes for ./cloud.bundle/logo~ipad.ytcx
2018-12-20 08:01:21 +0000  copying file ./cloud.bundle/pause@2x.ytcx ... 
2018-12-20 08:01:21 +0000  15250 bytes for ./cloud.bundle/pause@2x.ytcx
2018-12-20 08:01:21 +0000  copying file ./cloud.bundle/corner_youku_gray@2x~ipad.ytcx ... 
2018-12-20 08:01:21 +0000  18498 bytes for ./cloud.bundle/corner_youku_gray@2x~ipad.ytcx
2018-12-20 08:01:21 +0000  copying file ./cloud.bundle/player_logo_small_tudou@2x.ytcx ... 
2018-12-20 08:01:21 +0000  70242 bytes for ./cloud.bundle/player_logo_small_tudou@2x.ytcx
2018-12-20 08:01:21 +0000  copying file ./cloud.bundle/ad_arrow@2x.ytcx ... 
2018-12-20 08:01:21 +0000  1202 bytes for ./cloud.bundle/ad_arrow@2x.ytcx
2018-12-20 08:01:21 +0000  copying file ./cloud.bundle/ad_volume_off@2x.ytcx ... 
2018-12-20 08:01:21 +0000  1922 bytes for ./cloud.bundle/ad_volume_off@2x.ytcx
2018-12-20 08:01:21 +0000  copying file ./cloud.bundle/corner_tudou@3x.ytcx ... 
2018-12-20 08:01:21 +0000  2066 bytes for ./cloud.bundle/corner_tudou@3x.ytcx
2018-12-20 08:01:21 +0000  copying file ./cloud.bundle/ad_close@2x~ipad.ytcx ... 
2018-12-20 08:01:21 +0000  2290 bytes for ./cloud.bundle/ad_close@2x~ipad.ytcx
2018-12-20 08:01:21 +0000  copying file ./cloud.bundle/pause_noband@2x.ytcx ... 
2018-12-20 08:01:21 +0000  1138 bytes for ./cloud.bundle/pause_noband@2x.ytcx
2018-12-20 08:01:21 +0000  copying file ./cloud.bundle/corner_youku~ipad.ytcx ... 
2018-12-20 08:01:21 +0000  2370 bytes for ./cloud.bundle/corner_youku~ipad.ytcx
2018-12-20 08:01:21 +0000  copying file ./cloud.bundle/loading_youku@2x.ytcx ... 
2018-12-20 08:01:21 +0000  1074 bytes for ./cloud.bundle/loading_youku@2x.ytcx
2018-12-20 08:01:21 +0000  copying file ./cloud.bundle/tip_point@3x.ytcx ... 
2018-12-20 08:01:21 +0000  530 bytes for ./cloud.bundle/tip_point@3x.ytcx
2018-12-20 08:01:21 +0000  copying file ./cloud.bundle/player_logo_full@2x~ipad.ytcx ... 
2018-12-20 08:01:21 +0000  13602 bytes for ./cloud.bundle/player_logo_full@2x~ipad.ytcx
2018-12-20 08:01:21 +0000  copying file ./cloud.bundle/full_screen@3x.ytcx ... 
2018-12-20 08:01:21 +0000  1890 bytes for ./cloud.bundle/full_screen@3x.ytcx
2018-12-20 08:01:21 +0000  copying file ./cloud.bundle/play@2x~ipad.ytcx ... 
3522 bytes for ./cloud.bundle/play@2x~ipad.ytcx
2018-12-20 08:01:21 +0000  copying file ./cloud.bundle/ad_volume_off~ipad.ytcx ... 
2018-12-20 08:01:21 +0000  1858 bytes for ./cloud.bundle/ad_volume_off~ipad.ytcx
copying file ./cloud.bundle/toggle_quality@3x.ytcx ... 
2018-12-20 08:01:21 +0000  6482 bytes for ./cloud.bundle/toggle_quality@3x.ytcx
2018-12-20 08:01:21 +0000  copying file ./cloud.bundle/tip_play_noband@3x.ytcx ... 
2018-12-20 08:01:21 +0000  15298 bytes for ./cloud.bundle/tip_play_noband@3x.ytcx
2018-12-20 08:01:21 +0000  copying file ./cloud.bundle/full_out@3x.ytcx ... 
2018-12-20 08:01:21 +0000  1986 bytes for ./cloud.bundle/full_out@3x.ytcx
2018-12-20 08:01:21 +0000  copying file ./cloud.bundle/pause~ipad.ytcx ... 
2018-12-20 08:01:21 +0000  1074 bytes for ./cloud.bundle/pause~ipad.ytcx
2018-12-20 08:01:21 +0000  copying file ./cloud.bundle/ad_fullscreen@3x.ytcx ... 
2018-12-20 08:01:21 +0000  1810 bytes for ./cloud.bundle/ad_fullscreen@3x.ytcx
2018-12-20 08:01:21 +0000  copying file ./cloud.bundle/ad_close@2x.ytcx ... 
2018-12-20 08:01:21 +0000  1490 bytes for ./cloud.bundle/ad_close@2x.ytcx
2018-12-20 08:01:21 +0000  copying file ./LaunchImage_Chen_LYGL-700-Portrait~ipad.png ... 
2018-12-20 08:01:21 +0000  25145 bytes for ./LaunchImage_Chen_LYGL-700-Portrait~ipad.png
2018-12-20 08:01:21 +0000  copying file ./MJRefresh.bundle/zh-Hans.lproj/Localizable.strings ... 
2018-12-20 08:01:21 +0000  1194 bytes for ./MJRefresh.bundle/zh-Hans.lproj/Localizable.strings
2018-12-20 08:01:21 +0000  copying file ./MJRefresh.bundle/en.lproj/Localizable.strings ... 
2018-12-20 08:01:21 +0000  691 bytes for ./MJRefresh.bundle/en.lproj/Localizable.strings
2018-12-20 08:01:21 +0000  copying file ./MJRefresh.bundle/arrow@2x.png ... 
2018-12-20 08:01:21 +0000  1033 bytes for ./MJRefresh.bundle/arrow@2x.png
2018-12-20 08:01:21 +0000  copying file ./MJRefresh.bundle/zh-Hant.lproj/Localizable.strings ... 
2018-12-20 08:01:21 +0000  773 bytes for ./MJRefresh.bundle/zh-Hant.lproj/Localizable.strings
2018-12-20 08:01:21 +0000  copying file ./UMSocialSDKResources.bundle/UMSocialWaterMark/umsocial_defaultwatermark.png ... 
2018-12-20 08:01:21 +0000  3003 bytes for ./UMSocialSDKResources.bundle/UMSocialWaterMark/umsocial_defaultwatermark.png
2018-12-20 08:01:21 +0000  copying file ./UMSocialSDKResources.bundle/zh-Hans.lproj/UMSocialLocalizable.strings ... 
2018-12-20 08:01:21 +0000  6740 bytes for ./UMSocialSDKResources.bundle/zh-Hans.lproj/UMSocialLocalizable.strings
2018-12-20 08:01:21 +0000  copying file ./UMSocialSDKResources.bundle/en.lproj/UMSocialLocalizable.strings ... 
2018-12-20 08:01:21 +0000  6554 bytes for ./UMSocialSDKResources.bundle/en.lproj/UMSocialLocalizable.strings
2018-12-20 08:01:21 +0000  copying file ./UMSocialSDKResources.bundle/Buttons/UMS_nav_button_close@2x.png ... 
2018-12-20 08:01:21 +0000  500 bytes for ./UMSocialSDKResources.bundle/Buttons/UMS_nav_button_close@2x.png
2018-12-20 08:01:21 +0000  copying file ./UMSocialSDKResources.bundle/Buttons/UMS_url_image@2x.png ... 
2018-12-20 08:01:21 +0000  1562 bytes for ./UMSocialSDKResources.bundle/Buttons/UMS_url_image@2x.png
2018-12-20 08:01:21 +0000  copying file ./UMSocialSDKResources.bundle/Buttons/UMS_url_music@2x.png ... 
2018-12-20 08:01:21 +0000  1771 bytes for ./UMSocialSDKResources.bundle/Buttons/UMS_url_music@2x.png
2018-12-20 08:01:21 +0000  copying file ./UMSocialSDKResources.bundle/Buttons/UMS_add_friend_off@2x.png ... 
2018-12-20 08:01:21 +0000  134 bytes for ./UMSocialSDKResources.bundle/Buttons/UMS_add_friend_off@2x.png
copying file ./UMSocialSDKResources.bundle/Buttons/UMS_delete_image_button_normal@2x.png ... 
891 bytes for ./UMSocialSDKResources.bundle/Buttons/UMS_delete_image_button_normal@2x.png
copying file ./UMSocialSDKResources.bundle/Buttons/UMS_nav_button_send@2x.png ... 
2018-12-20 08:01:21 +0000  1624 bytes for ./UMSocialSDKResources.bundle/Buttons/UMS_nav_button_send@2x.png
2018-12-20 08:01:21 +0000  copying file ./UMSocialSDKResources.bundle/Buttons/UMS_url_video@2x.png ... 
2018-12-20 08:01:21 +0000  2062 bytes for ./UMSocialSDKResources.bundle/Buttons/UMS_url_video@2x.png
2018-12-20 08:01:21 +0000  copying file ./UMSocialSDKResources.bundle/UMSocialPlatformTheme/default/umsocial_renren.png ... 
2018-12-20 08:01:21 +0000  1529 bytes for ./UMSocialSDKResources.bundle/UMSocialPlatformTheme/default/umsocial_renren.png
2018-12-20 08:01:21 +0000  copying file ./UMSocialSDKResources.bundle/UMSocialPlatformTheme/default/umsocial_default.png ... 
2018-12-20 08:01:21 +0000  4203 bytes for ./UMSocialSDKResources.bundle/UMSocialPlatformTheme/default/umsocial_default.png
2018-12-20 08:01:21 +0000  copying file ./UMSocialSDKResources.bundle/UMSocialPlatformTheme/default/umsocial_pinterest.png ... 
2018-12-20 08:01:21 +0000  1987 bytes for ./UMSocialSDKResources.bundle/UMSocialPlatformTheme/default/umsocial_pinterest.png
2018-12-20 08:01:21 +0000  copying file ./UMSocialSDKResources.bundle/UMSocialPlatformTheme/default/umsocial_alipay.png ... 
2018-12-20 08:01:21 +0000  1370 bytes for ./UMSocialSDKResources.bundle/UMSocialPlatformTheme/default/umsocial_alipay.png
2018-12-20 08:01:21 +0000  copying file ./UMSocialSDKResources.bundle/UMSocialPlatformTheme/default/umsocial_yixin_session.png ... 
2018-12-20 08:01:21 +0000  1833 bytes for ./UMSocialSDKResources.bundle/UMSocialPlatformTheme/default/umsocial_yixin_session.png
2018-12-20 08:01:21 +0000  copying file ./UMSocialSDKResources.bundle/UMSocialPlatformTheme/default/umsocial_vkontakte.png ... 
2018-12-20 08:01:21 +0000  1867 bytes for ./UMSocialSDKResources.bundle/UMSocialPlatformTheme/default/umsocial_vkontakte.png
2018-12-20 08:01:21 +0000  copying file ./UMSocialSDKResources.bundle/UMSocialPlatformTheme/default/umsocial_tim.png ... 
2018-12-20 08:01:21 +0000  2597 bytes for ./UMSocialSDKResources.bundle/UMSocialPlatformTheme/default/umsocial_tim.png
2018-12-20 08:01:21 +0000  copying file ./UMSocialSDKResources.bundle/UMSocialPlatformTheme/default/umsocial_lw_session.png ... 
2018-12-20 08:01:21 +0000  2391 bytes for ./UMSocialSDKResources.bundle/UMSocialPlatformTheme/default/umsocial_lw_session.png
2018-12-20 08:01:21 +0000  copying file ./UMSocialSDKResources.bundle/UMSocialPlatformTheme/default/umsocial_linkedin.png ... 
2018-12-20 08:01:21 +0000  1637 bytes for ./UMSocialSDKResources.bundle/UMSocialPlatformTheme/default/umsocial_linkedin.png
2018-12-20 08:01:21 +0000  copying file ./UMSocialSDKResources.bundle/UMSocialPlatformTheme/default/umsocial_yixin_favorite.png ... 
2018-12-20 08:01:21 +0000  4145 bytes for ./UMSocialSDKResources.bundle/UMSocialPlatformTheme/default/umsocial_yixin_favorite.png
2018-12-20 08:01:21 +0000  copying file ./UMSocialSDKResources.bundle/UMSocialPlatformTheme/default/umsocial_youdaonote.png ... 
2018-12-20 08:01:21 +0000  1158 bytes for ./UMSocialSDKResources.bundle/UMSocialPlatformTheme/default/umsocial_youdaonote.png
2018-12-20 08:01:21 +0000  copying file ./UMSocialSDKResources.bundle/UMSocialPlatformTheme/default/umsocial_flickr.png ... 
2018-12-20 08:01:21 +0000  979 bytes for ./UMSocialSDKResources.bundle/UMSocialPlatformTheme/default/umsocial_flickr.png
2018-12-20 08:01:21 +0000  copying file ./UMSocialSDKResources.bundle/UMSocialPlatformTheme/default/umsocial_line.png ... 
2018-12-20 08:01:21 +0000  1720 bytes for ./UMSocialSDKResources.bundle/UMSocialPlatformTheme/default/umsocial_line.png
2018-12-20 08:01:21 +0000  copying file ./UMSocialSDKResources.bundle/UMSocialPlatformTheme/default/umsocial_email.png ... 
2018-12-20 08:01:21 +0000  1211 bytes for ./UMSocialSDKResources.bundle/UMSocialPlatformTheme/default/umsocial_email.png
copying file ./UMSocialSDKResources.bundle/UMSocialPlatformTheme/default/umsocial_sms.png ... 
2018-12-20 08:01:21 +0000  1127 bytes for ./UMSocialSDKResources.bundle/UMSocialPlatformTheme/default/umsocial_sms.png
2018-12-20 08:01:21 +0000  copying file ./UMSocialSDKResources.bundle/UMSocialPlatformTheme/default/umsocial_evernote.png ... 
2018-12-20 08:01:21 +0000  1267 bytes for ./UMSocialSDKResources.bundle/UMSocialPlatformTheme/default/umsocial_evernote.png
2018-12-20 08:01:21 +0000  copying file ./UMSocialSDKResources.bundle/UMSocialPlatformTheme/default/umsocial_twitter.png ... 
2018-12-20 08:01:21 +0000  1442 bytes for ./UMSocialSDKResources.bundle/UMSocialPlatformTheme/default/umsocial_twitter.png
2018-12-20 08:01:21 +0000  copying file ./UMSocialSDKResources.bundle/UMSocialPlatformTheme/default/umsocial_whatsapp.png ... 
2018-12-20 08:01:21 +0000  1832 bytes for ./UMSocialSDKResources.bundle/UMSocialPlatformTheme/default/umsocial_whatsapp.png
2018-12-20 08:01:21 +0000  copying file ./UMSocialSDKResources.bundle/UMSocialPlatformTheme/default/umsocial_googleplus.png ... 
2018-12-20 08:01:21 +0000  2320 bytes for ./UMSocialSDKResources.bundle/UMSocialPlatformTheme/default/umsocial_googleplus.png
2018-12-20 08:01:21 +0000  copying file ./UMSocialSDKResources.bundle/UMSocialPlatformTheme/default/umsocial_douban.png ... 
2018-12-20 08:01:21 +0000  813 bytes for ./UMSocialSDKResources.bundle/UMSocialPlatformTheme/default/umsocial_douban.png
2018-12-20 08:01:21 +0000  copying file ./UMSocialSDKResources.bundle/UMSocialPlatformTheme/default/umsocial_lw_timeline.png ... 
2018-12-20 08:01:21 +0000  1139 bytes for ./UMSocialSDKResources.bundle/UMSocialPlatformTheme/default/umsocial_lw_timeline.png
2018-12-20 08:01:21 +0000  copying file ./UMSocialSDKResources.bundle/UMSocialPlatformTheme/default/umsocial_facebook.png ... 
2018-12-20 08:01:21 +0000  1468 bytes for ./UMSocialSDKResources.bundle/UMSocialPlatformTheme/default/umsocial_facebook.png
2018-12-20 08:01:21 +0000  copying file ./UMSocialSDKResources.bundle/UMSocialPlatformTheme/default/umsocial_dingding.png ... 
2018-12-20 08:01:21 +0000  1390 bytes for ./UMSocialSDKResources.bundle/UMSocialPlatformTheme/default/umsocial_dingding.png
2018-12-20 08:01:21 +0000  copying file ./UMSocialSDKResources.bundle/UMSocialPlatformTheme/default/umsocial_wechat.png ... 
2018-12-20 08:01:21 +0000  1628 bytes for ./UMSocialSDKResources.bundle/UMSocialPlatformTheme/default/umsocial_wechat.png
2018-12-20 08:01:21 +0000  copying file ./UMSocialSDKResources.bundle/UMSocialPlatformTheme/default/umsocial_yixin_timeline.png ... 
2018-12-20 08:01:21 +0000  2199 bytes for ./UMSocialSDKResources.bundle/UMSocialPlatformTheme/default/umsocial_yixin_timeline.png
2018-12-20 08:01:21 +0000  copying file ./UMSocialSDKResources.bundle/UMSocialPlatformTheme/default/umsocial_dropbox.png ... 
2018-12-20 08:01:21 +0000  1692 bytes for ./UMSocialSDKResources.bundle/UMSocialPlatformTheme/default/umsocial_dropbox.png
copying file ./UMSocialSDKResources.bundle/UMSocialPlatformTheme/default/umsocial_pocket.png ... 
2018-12-20 08:01:21 +0000  1405 bytes for ./UMSocialSDKResources.bundle/UMSocialPlatformTheme/default/umsocial_pocket.png
2018-12-20 08:01:21 +0000  copying file ./UMSocialSDKResources.bundle/UMSocialPlatformTheme/default/umsocial_wechat_timeline.png ... 
2018-12-20 08:01:21 +0000  1506 bytes for ./UMSocialSDKResources.bundle/UMSocialPlatformTheme/default/umsocial_wechat_timeline.png
2018-12-20 08:01:21 +0000  copying file ./UMSocialSDKResources.bundle/UMSocialPlatformTheme/default/umsocial_tencentWB.png ... 
1943 bytes for ./UMSocialSDKResources.bundle/UMSocialPlatformTheme/default/umsocial_tencentWB.png
2018-12-20 08:01:21 +0000  copying file ./UMSocialSDKResources.bundle/UMSocialPlatformTheme/default/umsocial_wechat_favorite.png ... 
2018-12-20 08:01:21 +0000  1179 bytes for ./UMSocialSDKResources.bundle/UMSocialPlatformTheme/default/umsocial_wechat_favorite.png
2018-12-20 08:01:21 +0000  copying file ./UMSocialSDKResources.bundle/UMSocialPlatformTheme/default/umsocial_sina.png ... 
2018-12-20 08:01:21 +0000  2581 bytes for ./UMSocialSDKResources.bundle/UMSocialPlatformTheme/default/umsocial_sina.png
2018-12-20 08:01:21 +0000  copying file ./UMSocialSDKResources.bundle/UMSocialPlatformTheme/default/umsocial_tumblr.png ... 
2018-12-20 08:01:21 +0000  1564 bytes for ./UMSocialSDKResources.bundle/UMSocialPlatformTheme/default/umsocial_tumblr.png
2018-12-20 08:01:21 +0000  copying file ./UMSocialSDKResources.bundle/UMSocialPlatformTheme/default/umsocial_kakaoTalk.png ... 
2018-12-20 08:01:21 +0000  1893 bytes for ./UMSocialSDKResources.bundle/UMSocialPlatformTheme/default/umsocial_kakaoTalk.png
2018-12-20 08:01:21 +0000  copying file ./UMSocialSDKResources.bundle/UMSocialPlatformTheme/default/umsocial_facebookmessenger.png ... 
2018-12-20 08:01:21 +0000  1749 bytes for ./UMSocialSDKResources.bundle/UMSocialPlatformTheme/default/umsocial_facebookmessenger.png
2018-12-20 08:01:21 +0000  copying file ./UMSocialSDKResources.bundle/UMSocialPlatformTheme/default/umsocial_qzone.png ... 
2018-12-20 08:01:21 +0000  2083 bytes for ./UMSocialSDKResources.bundle/UMSocialPlatformTheme/default/umsocial_qzone.png
2018-12-20 08:01:21 +0000  copying file ./UMSocialSDKResources.bundle/UMSocialPlatformTheme/default/umsocial_qq.png ... 
2018-12-20 08:01:21 +0000  3505 bytes for ./UMSocialSDKResources.bundle/UMSocialPlatformTheme/default/umsocial_qq.png
copying file ./UMSocialSDKResources.bundle/UMSocialPlatformTheme/default/umsocial_instagram.png ... 
2018-12-20 08:01:21 +0000  1952 bytes for ./UMSocialSDKResources.bundle/UMSocialPlatformTheme/default/umsocial_instagram.png
2018-12-20 08:01:21 +0000  copying file ./banquaniphone.png ... 
2018-12-20 08:01:21 +0000  142945 bytes for ./banquaniphone.png
copying file ./(new)积分弹窗使用方法.pdf ... 
2018-12-20 08:01:21 +0000  81596 bytes for ./(new)积分弹窗使用方法.pdf
2018-12-20 08:01:21 +0000  copying file ./如何添加【本地推送】功能.md ... 
2018-12-20 08:01:21 +0000  6919 bytes for ./如何添加【本地推送】功能.md
2018-12-20 08:01:21 +0000  copying file ./download@2x.png ... 
2018-12-20 08:01:21 +0000  3405 bytes for ./download@2x.png
copying file ./LaunchImage_Chen_LYGL-1100-Portrait-2436h@3x.png ... 
2018-12-20 08:01:21 +0000  60157 bytes for ./LaunchImage_Chen_LYGL-1100-Portrait-2436h@3x.png
2018-12-20 08:01:21 +0000  copying file ./undownload@2x.png ... 
2018-12-20 08:01:21 +0000  3459 bytes for ./undownload@2x.png
2018-12-20 08:01:21 +0000  copying file ./AppIcon_Chen_LYGL40x40@2x~ipad.png ... 
2018-12-20 08:01:21 +0000  4753 bytes for ./AppIcon_Chen_LYGL40x40@2x~ipad.png
2018-12-20 08:01:21 +0000  copying file ./AppIcon_Chen_LYGL76x76@2x~ipad.png ... 
2018-12-20 08:01:21 +0000  9670 bytes for ./AppIcon_Chen_LYGL76x76@2x~ipad.png
2018-12-20 08:01:21 +0000  copying file ./zh-Hant.lproj/InfoPlist.strings ... 
2018-12-20 08:01:21 +0000  42 bytes for ./zh-Hant.lproj/InfoPlist.strings
2018-12-20 08:01:21 +0000  copying file ./readme ... 
2018-12-20 08:01:21 +0000  94 bytes for ./readme
2018-12-20 08:01:21 +0000  copying file ./network_popback.png ... 
2018-12-20 08:01:21 +0000  501 bytes for ./network_popback.png
2018-12-20 08:01:21 +0000  copying file ./AppIcon_Chen_LYGL40x40~ipad.png ... 
2018-12-20 08:01:21 +0000  2136 bytes for ./AppIcon_Chen_LYGL40x40~ipad.png
2018-12-20 08:01:21 +0000  copying file ./AppIcon_Chen_LYGL20x20~ipad.png ... 
2018-12-20 08:01:21 +0000  913 bytes for ./AppIcon_Chen_LYGL20x20~ipad.png
copying file ./AppIcon_Chen_LYGL40x40@3x.png ... 
2018-12-20 08:01:21 +0000  7431 bytes for ./AppIcon_Chen_LYGL40x40@3x.png
2018-12-20 08:01:21 +0000  copying file ./kAlert_close@3x.png ... 
2018-12-20 08:01:21 +0000  1378 bytes for ./kAlert_close@3x.png
2018-12-20 08:01:21 +0000  copying file ./AppIcon_Chen_LYGL29x29@2x.png ... 
2018-12-20 08:01:21 +0000  3237 bytes for ./AppIcon_Chen_LYGL29x29@2x.png
2018-12-20 08:01:21 +0000  copying file ./LaunchImage_Chen_LYGL-800-Portrait-736h@3x.png ... 
2018-12-20 08:01:21 +0000  60066 bytes for ./LaunchImage_Chen_LYGL-800-Portrait-736h@3x.png
2018-12-20 08:01:21 +0000  copying file ./AppIcon_Chen_LYGL60x60@2x.png ... 
2018-12-20 08:01:21 +0000  7431 bytes for ./AppIcon_Chen_LYGL60x60@2x.png
2018-12-20 08:01:21 +0000  copying file ./banquanipad.png ... 
2018-12-20 08:01:21 +0000  110799 bytes for ./banquanipad.png
2018-12-20 08:01:21 +0000  copying file ./Assets.car ... 
2018-12-20 08:01:21 +0000  1766632 bytes for ./Assets.car
copying file ./YYZDDefaultConfigure.plist ... 
2018-12-20 08:01:21 +0000  5712 bytes for ./YYZDDefaultConfigure.plist
2018-12-20 08:01:21 +0000  copying file ./AppIcon_Chen_LYGL83.5x83.5@2x~ipad.png ... 
2018-12-20 08:01:21 +0000  10790 bytes for ./AppIcon_Chen_LYGL83.5x83.5@2x~ipad.png
copying file ./AppIcon_Chen_LYGL76x76~ipad.png ... 
2018-12-20 08:01:21 +0000  4466 bytes for ./AppIcon_Chen_LYGL76x76~ipad.png
2018-12-20 08:01:21 +0000  copying file ./AppIcon_Chen_LYGL60x60@3x.png ... 
2018-12-20 08:01:21 +0000  11493 bytes for ./AppIcon_Chen_LYGL60x60@3x.png
2018-12-20 08:01:21 +0000  copying file ./AppIcon_Chen_LYGL29x29@3x.png ... 
2018-12-20 08:01:21 +0000  5164 bytes for ./AppIcon_Chen_LYGL29x29@3x.png
copying file ./kAlert_close@2x.png ... 
2018-12-20 08:01:21 +0000  1231 bytes for ./kAlert_close@2x.png
2018-12-20 08:01:21 +0000  copying file ./AppIcon_Chen_LYGL40x40@2x.png ... 
2018-12-20 08:01:21 +0000  4753 bytes for ./AppIcon_Chen_LYGL40x40@2x.png
copying file ./LaunchImage_Chen_LYGL-1200-Portrait-1792h@2x.png ... 
2018-12-20 08:01:21 +0000  56147 bytes for ./LaunchImage_Chen_LYGL-1200-Portrait-1792h@2x.png
2018-12-20 08:01:21 +0000  copying file ./back~ipad.png ... 
2018-12-20 08:01:21 +0000  229 bytes for ./back~ipad.png
2018-12-20 08:01:21 +0000  copying file ./LaunchImage_Chen_LYGL-700@2x.png ... 
2018-12-20 08:01:21 +0000  24055 bytes for ./LaunchImage_Chen_LYGL-700@2x.png
2018-12-20 08:01:21 +0000  copying file ./yw_1222_0335_mwua.jpg ... 
2018-12-20 08:01:21 +0000  37920 bytes for ./yw_1222_0335_mwua.jpg
2018-12-20 08:01:21 +0000  copying file ./AppIcon_Chen_LYGL20x20@2x.png ... 
2018-12-20 08:01:21 +0000  2136 bytes for ./AppIcon_Chen_LYGL20x20@2x.png
copying file ./network_tips.png ... 
2018-12-20 08:01:21 +0000  442761 bytes for ./network_tips.png
2018-12-20 08:01:21 +0000  copying file ./LaunchImage_Chen_LYGL-800-667h@2x.png ... 
2018-12-20 08:01:21 +0000  26516 bytes for ./LaunchImage_Chen_LYGL-800-667h@2x.png
2018-12-20 08:01:21 +0000  copying file ./旅游攻略chen.plist ... 
2018-12-20 08:01:21 +0000  3557 bytes for ./旅游攻略chen.plist
2018-12-20 08:01:21 +0000  copying file ./SSVideoPlayer.bundle/player_play@2x.png ... 
2018-12-20 08:01:21 +0000  2320 bytes for ./SSVideoPlayer.bundle/player_play@2x.png
2018-12-20 08:01:21 +0000  copying file ./SSVideoPlayer.bundle/player_pause@3x.png ... 
2018-12-20 08:01:21 +0000  3039 bytes for ./SSVideoPlayer.bundle/player_pause@3x.png
2018-12-20 08:01:21 +0000  copying file ./SSVideoPlayer.bundle/player_delete.png ... 
2018-12-20 08:01:21 +0000  904 bytes for ./SSVideoPlayer.bundle/player_delete.png
2018-12-20 08:01:21 +0000  copying file ./SSVideoPlayer.bundle/player_play.png ... 
2018-12-20 08:01:21 +0000  1688 bytes for ./SSVideoPlayer.bundle/player_play.png
2018-12-20 08:01:21 +0000  copying file ./SSVideoPlayer.bundle/player_next.png ... 
2018-12-20 08:01:21 +0000  1013 bytes for ./SSVideoPlayer.bundle/player_next.png
2018-12-20 08:01:21 +0000  copying file ./SSVideoPlayer.bundle/player_pause@2x.png ... 
2018-12-20 08:01:21 +0000  1884 bytes for ./SSVideoPlayer.bundle/player_pause@2x.png
2018-12-20 08:01:21 +0000  copying file ./SSVideoPlayer.bundle/player_play@3x.png ... 
2018-12-20 08:01:21 +0000  3527 bytes for ./SSVideoPlayer.bundle/player_play@3x.png
2018-12-20 08:01:21 +0000  copying file ./SSVideoPlayer.bundle/player_fit@3x.png ... 
2018-12-20 08:01:21 +0000  1403 bytes for ./SSVideoPlayer.bundle/player_fit@3x.png
2018-12-20 08:01:21 +0000  copying file ./SSVideoPlayer.bundle/player_delete@3x.png ... 
2018-12-20 08:01:21 +0000  1240 bytes for ./SSVideoPlayer.bundle/player_delete@3x.png
2018-12-20 08:01:21 +0000  copying file ./SSVideoPlayer.bundle/player_previous@2x.png ... 
2018-12-20 08:01:21 +0000  1071 bytes for ./SSVideoPlayer.bundle/player_previous@2x.png
2018-12-20 08:01:21 +0000  copying file ./SSVideoPlayer.bundle/player_fill@2x.png ... 
2018-12-20 08:01:21 +0000  1277 bytes for ./SSVideoPlayer.bundle/player_fill@2x.png
2018-12-20 08:01:21 +0000  copying file ./SSVideoPlayer.bundle/player_menu.png ... 
2018-12-20 08:01:21 +0000  978 bytes for ./SSVideoPlayer.bundle/player_menu.png
2018-12-20 08:01:21 +0000  copying file ./SSVideoPlayer.bundle/player_fill@3x.png ... 
2018-12-20 08:01:21 +0000  1462 bytes for ./SSVideoPlayer.bundle/player_fill@3x.png
2018-12-20 08:01:21 +0000  copying file ./SSVideoPlayer.bundle/player_previous@3x.png ... 
2018-12-20 08:01:21 +0000  1424 bytes for ./SSVideoPlayer.bundle/player_previous@3x.png
2018-12-20 08:01:21 +0000  copying file ./SSVideoPlayer.bundle/player_fill.png ... 
2018-12-20 08:01:21 +0000  1376 bytes for ./SSVideoPlayer.bundle/player_fill.png
2018-12-20 08:01:21 +0000  copying file ./SSVideoPlayer.bundle/player_fit@2x.png ... 
2018-12-20 08:01:21 +0000  1197 bytes for ./SSVideoPlayer.bundle/player_fit@2x.png
2018-12-20 08:01:21 +0000  copying file ./SSVideoPlayer.bundle/player_delete@2x.png ... 
2018-12-20 08:01:21 +0000  1055 bytes for ./SSVideoPlayer.bundle/player_delete@2x.png
2018-12-20 08:01:21 +0000  copying file ./SSVideoPlayer.bundle/player_fit.png ... 
2018-12-20 08:01:21 +0000  1263 bytes for ./SSVideoPlayer.bundle/player_fit.png
2018-12-20 08:01:21 +0000  copying file ./SSVideoPlayer.bundle/player_quit@3x.png ... 
2018-12-20 08:01:21 +0000  1735 bytes for ./SSVideoPlayer.bundle/player_quit@3x.png
2018-12-20 08:01:21 +0000  copying file ./SSVideoPlayer.bundle/player_volume.png ... 
2018-12-20 08:01:21 +0000  921 bytes for ./SSVideoPlayer.bundle/player_volume.png
2018-12-20 08:01:21 +0000  copying file ./SSVideoPlayer.bundle/player_volume@2x.png ... 
2018-12-20 08:01:21 +0000  1029 bytes for ./SSVideoPlayer.bundle/player_volume@2x.png
2018-12-20 08:01:21 +0000  copying file ./SSVideoPlayer.bundle/player_volume@3x.png ... 
2018-12-20 08:01:21 +0000  1412 bytes for ./SSVideoPlayer.bundle/player_volume@3x.png
copying file ./SSVideoPlayer.bundle/player_quit@2x.png ... 
1285 bytes for ./SSVideoPlayer.bundle/player_quit@2x.png
copying file ./SSVideoPlayer.bundle/player_slider.png ... 
1180 bytes for ./SSVideoPlayer.bundle/player_slider.png
copying file ./SSVideoPlayer.bundle/player_menu@3x.png ... 
2018-12-20 08:01:21 +0000  1202 bytes for ./SSVideoPlayer.bundle/player_menu@3x.png
copying file ./SSVideoPlayer.bundle/player_next@3x.png ... 
2018-12-20 08:01:21 +0000  1443 bytes for ./SSVideoPlayer.bundle/player_next@3x.png
2018-12-20 08:01:21 +0000  copying file ./SSVideoPlayer.bundle/player_pause.png ... 
2018-12-20 08:01:21 +0000  1458 bytes for ./SSVideoPlayer.bundle/player_pause.png
2018-12-20 08:01:21 +0000  copying file ./SSVideoPlayer.bundle/player_slider@2x.png ... 
2018-12-20 08:01:21 +0000  1709 bytes for ./SSVideoPlayer.bundle/player_slider@2x.png
2018-12-20 08:01:21 +0000  copying file ./SSVideoPlayer.bundle/player_previous.png ... 
2018-12-20 08:01:21 +0000  1033 bytes for ./SSVideoPlayer.bundle/player_previous.png
2018-12-20 08:01:21 +0000  copying file ./SSVideoPlayer.bundle/player_quit.png ... 
2018-12-20 08:01:21 +0000  980 bytes for ./SSVideoPlayer.bundle/player_quit.png
copying file ./SSVideoPlayer.bundle/player_slider@3x.png ... 
2018-12-20 08:01:21 +0000  2413 bytes for ./SSVideoPlayer.bundle/player_slider@3x.png
2018-12-20 08:01:21 +0000  copying file ./SSVideoPlayer.bundle/player_next@2x.png ... 
2018-12-20 08:01:21 +0000  1046 bytes for ./SSVideoPlayer.bundle/player_next@2x.png
2018-12-20 08:01:21 +0000  copying file ./SSVideoPlayer.bundle/player_menu@2x.png ... 
2018-12-20 08:01:21 +0000  975 bytes for ./SSVideoPlayer.bundle/player_menu@2x.png
2018-12-20 08:01:21 +0000  copying file ./embedded.mobileprovision ... 
2018-12-20 08:01:21 +0000  9175 bytes for ./embedded.mobileprovision
2018-12-20 08:01:21 +0000  copying file ./SVProgressHUD.bundle/info.png ... 
2018-12-20 08:01:21 +0000  365 bytes for ./SVProgressHUD.bundle/info.png
copying file ./SVProgressHUD.bundle/error@3x.png ... 
2018-12-20 08:01:21 +0000  398 bytes for ./SVProgressHUD.bundle/error@3x.png
2018-12-20 08:01:21 +0000  copying file ./SVProgressHUD.bundle/angle-mask@3x.png ... 
2018-12-20 08:01:21 +0000  8319 bytes for ./SVProgressHUD.bundle/angle-mask@3x.png
copying file ./SVProgressHUD.bundle/angle-mask@2x.png ... 
2018-12-20 08:01:21 +0000  4893 bytes for ./SVProgressHUD.bundle/angle-mask@2x.png
2018-12-20 08:01:21 +0000  copying file ./SVProgressHUD.bundle/error@2x.png ... 
2018-12-20 08:01:21 +0000  306 bytes for ./SVProgressHUD.bundle/error@2x.png
2018-12-20 08:01:21 +0000  copying file ./SVProgressHUD.bundle/info@3x.png ... 
2018-12-20 08:01:21 +0000  1200 bytes for ./SVProgressHUD.bundle/info@3x.png
2018-12-20 08:01:21 +0000  copying file ./SVProgressHUD.bundle/success@2x.png ... 
2018-12-20 08:01:21 +0000  462 bytes for ./SVProgressHUD.bundle/success@2x.png
2018-12-20 08:01:21 +0000  copying file ./SVProgressHUD.bundle/success@3x.png ... 
2018-12-20 08:01:21 +0000  714 bytes for ./SVProgressHUD.bundle/success@3x.png
2018-12-20 08:01:21 +0000  copying file ./SVProgressHUD.bundle/info@2x.png ... 
2018-12-20 08:01:21 +0000  816 bytes for ./SVProgressHUD.bundle/info@2x.png
2018-12-20 08:01:21 +0000  copying file ./SVProgressHUD.bundle/error.png ... 
2018-12-20 08:01:21 +0000  184 bytes for ./SVProgressHUD.bundle/error.png
2018-12-20 08:01:21 +0000  copying file ./SVProgressHUD.bundle/success.png ... 
2018-12-20 08:01:21 +0000  262 bytes for ./SVProgressHUD.bundle/success.png
2018-12-20 08:01:21 +0000  copying file ./SVProgressHUD.bundle/angle-mask.png ... 
2018-12-20 08:01:21 +0000  1845 bytes for ./SVProgressHUD.bundle/angle-mask.png
2018-12-20 08:01:21 +0000  copying file ./Info.plist ... 
2018-12-20 08:01:21 +0000  5183 bytes for ./Info.plist
2018-12-20 08:01:21 +0000  copying file ./AppIcon_Chen_LYGL20x20@3x.png ... 
2018-12-20 08:01:21 +0000  3390 bytes for ./AppIcon_Chen_LYGL20x20@3x.png
2018-12-20 08:01:21 +0000  copying file ./LaunchImage_Chen_LYGL-700-Portrait@2x~ipad.png ... 
2018-12-20 08:01:21 +0000  62820 bytes for ./LaunchImage_Chen_LYGL-700-Portrait@2x~ipad.png
2018-12-20 08:01:21 +0000  copying file ./PkgInfo ... 
2018-12-20 08:01:21 +0000  8 bytes for ./PkgInfo
2018-12-20 08:01:21 +0000  /usr/bin/ditto exited with 0
2018-12-20 08:01:21 +0000  Processing step: IDEDistributionEmbedProfileStep
2018-12-20 08:01:21 +0000  Processing step: IDEDistributionItemRemovalStep
2018-12-20 08:01:21 +0000  Processing step: IDEDistributionAppThinningPlistStep
2018-12-20 08:01:21 +0000  Skipping step: IDEDistributionAppThinningPlistStep because it said so
2018-12-20 08:01:21 +0000  Processing step: IDEDistributionCompileBitcodeStep
2018-12-20 08:01:21 +0000  Skipping step: IDEDistributionCompileBitcodeStep because it said so
2018-12-20 08:01:21 +0000  Processing step: IDEDistributionCodeSlimmingStep
2018-12-20 08:01:21 +0000  Processing step: IDEDistributionCopyBCSymbolMapsStep
2018-12-20 08:01:21 +0000  Processing step: IDEDistributionSymbolsStep
2018-12-20 08:01:21 +0000  Processing symbols for 旅游攻略chen.app
2018-12-20 08:01:21 +0000  Running /usr/bin/rsync '-8aPhhE' '/var/folders/lb/tby1gwds2fnb89dzkf4cq3xh0000gn/T/XcodeDistPipeline.FbM/Root/Payload/旅游攻略chen.app' '--link-dest' '/var/folders/lb/tby1gwds2fnb89dzkf4cq3xh0000gn/T/XcodeDistPipeline.FbM/Root/Payload' '/var/folders/lb/tby1gwds2fnb89dzkf4cq3xh0000gn/T/XcodeDistPipeline.FbM'
2018-12-20 08:01:21 +0000  building file list ... 
2018-12-20 08:01:21 +0000   0 files...2018-12-20 08:01:21 +0000   100 files...2018-12-20 08:01:21 +0000   200 files...2018-12-20 08:01:21 +0000  297 files to consider
2018-12-20 08:01:21 +0000  旅游攻略chen.app/
2018-12-20 08:01:21 +0000  旅游攻略chen.app/MJRefresh.bundle/
2018-12-20 08:01:21 +0000  旅游攻略chen.app/MJRefresh.bundle/en.lproj/
旅游攻略chen.app/MJRefresh.bundle/zh-Hans.lproj/
旅游攻略chen.app/MJRefresh.bundle/zh-Hant.lproj/
2018-12-20 08:01:21 +0000  旅游攻略chen.app/SSVideoPlayer.bundle/
旅游攻略chen.app/SVProgressHUD.bundle/
旅游攻略chen.app/UMSocialSDKResources.bundle/
2018-12-20 08:01:21 +0000  旅游攻略chen.app/UMSocialSDKResources.bundle/Buttons/
旅游攻略chen.app/UMSocialSDKResources.bundle/UMSocialPlatformTheme/
旅游攻略chen.app/UMSocialSDKResources.bundle/UMSocialPlatformTheme/default/
旅游攻略chen.app/UMSocialSDKResources.bundle/UMSocialWaterMark/
旅游攻略chen.app/UMSocialSDKResources.bundle/en.lproj/
旅游攻略chen.app/UMSocialSDKResources.bundle/zh-Hans.lproj/
旅游攻略chen.app/WeiboSDK.bundle/
旅游攻略chen.app/WeiboSDK.bundle/images/
旅游攻略chen.app/WeiboSDK.bundle/others/
2018-12-20 08:01:21 +0000  旅游攻略chen.app/_CodeSignature/
旅游攻略chen.app/cloud.bundle/
旅游攻略chen.app/en.lproj/
旅游攻略chen.app/zh-Hans.lproj/
旅游攻略chen.app/zh-Hant.lproj/
2018-12-20 08:01:21 +0000  
2018-12-20 08:01:21 +0000  sent 8.37K bytes  received 152 bytes  17.03K bytes/sec
total size is 52.16M  speedup is 6271.71
2018-12-20 08:01:21 +0000  /usr/bin/rsync exited with 0
2018-12-20 08:01:21 +0000  Running /usr/bin/rsync '-8aPhhE' '/Users/anwenhu/Library/Developer/Xcode/Archives/2018-12-20/旅游攻略chen 2018-12-20 下午4.00.xcarchive/dSYMs/' '--link-dest' '/Users/anwenhu/Library/Developer/Xcode/Archives/2018-12-20/旅游攻略chen 2018-12-20 下午4.00.xcarchive/dSYMs/' '/var/folders/lb/tby1gwds2fnb89dzkf4cq3xh0000gn/T/XcodeDistPipeline.FbM'
2018-12-20 08:01:21 +0000  building file list ... 
2018-12-20 08:01:21 +0000   0 files...2018-12-20 08:01:21 +0000  7 files to consider
2018-12-20 08:01:21 +0000  ./
2018-12-20 08:01:21 +0000  旅游攻略chen.app.dSYM/
2018-12-20 08:01:21 +0000  旅游攻略chen.app.dSYM/Contents/
2018-12-20 08:01:21 +0000  旅游攻略chen.app.dSYM/Contents/Resources/
旅游攻略chen.app.dSYM/Contents/Resources/DWARF/
2018-12-20 08:01:21 +0000  
2018-12-20 08:01:21 +0000  sent 270 bytes  received 50 bytes  640.00 bytes/sec
total size is 43.96M  speedup is 144038.47
2018-12-20 08:01:21 +0000  /usr/bin/rsync exited with 0
2018-12-20 08:01:21 +0000  Running /Applications/Xcode.app/Contents/Developer/usr/bin/symbols '-noTextInSOD' '-noDaemon' '-arch' 'all' '-symbolsPackageDir' '/var/folders/lb/tby1gwds2fnb89dzkf4cq3xh0000gn/T/XcodeDistPipeline.FbM/Symbols' '/var/folders/lb/tby1gwds2fnb89dzkf4cq3xh0000gn/T/XcodeDistPipeline.FbM/旅游攻略chen.app.dSYM/Contents/Resources/Dwarf/旅游攻略chen'
2018-12-20 08:01:26 +0000  /var/folders/lb/tby1gwds2fnb89dzkf4cq3xh0000gn/T/XcodeDistPipeline.FbM/旅游攻略chen.app.dSYM/Contents/Resources/Dwarf/旅游攻略chen [armv7, 1.610716 seconds]:
/var/folders/lb/tby1gwds2fnb89dzkf4cq3xh0000gn/T/XcodeDistPipeline.FbM/旅游攻略chen.app.dSYM/Contents/Resources/Dwarf/旅游攻略chen [arm64, 1.610716 seconds]:
2018-12-20 08:01:26 +0000  /Applications/Xcode.app/Contents/Developer/usr/bin/symbols exited with 0
2018-12-20 08:01:26 +0000  Processing step: IDEDistributionCopyAppleProvidedContentStep
2018-12-20 08:01:26 +0000  Processing step: IDEDistributionAppThinningStep
2018-12-20 08:01:26 +0000  Skipping step: IDEDistributionAppThinningStep because it said so
2018-12-20 08:01:26 +0000  Processing step: IDEDistributionODRStep
2018-12-20 08:01:26 +0000  Processing step: IDEDistributionStripXattrsStep
2018-12-20 08:01:26 +0000  Running /usr/bin/xattr '-crs' '/var/folders/lb/tby1gwds2fnb89dzkf4cq3xh0000gn/T/XcodeDistPipeline.FbM/Root/Payload/旅游攻略chen.app'
2018-12-20 08:01:26 +0000  /usr/bin/xattr exited with 0
2018-12-20 08:01:26 +0000  Processing step: IDEDistributionCodesignStep
2018-12-20 08:01:26 +0000  Entitlements for <IDEDistributionItem: 0x7f7fe91f8f90 'com.zhiyan.chen.splvyou' '<DVTFilePath:0x7f7fe91fa650:'/Users/anwenhu/Library/Developer/Xcode/Archives/2018-12-20/旅游攻略chen 2018-12-20 下午4.00.xcarchive/Products/Applications/旅游攻略chen.app'>'>: {
    "application-identifier" = "Q6F5GPUR85.com.zhiyan.chen.splvyou";
    "aps-environment" = production;
    "beta-reports-active" = 1;
    "com.apple.developer.team-identifier" = Q6F5GPUR85;
    "get-task-allow" = 0;
}
2018-12-20 08:01:26 +0000  Writing entitlements for <IDEDistributionItem: 0x7f7fe91f8f90 'com.zhiyan.chen.splvyou' '<DVTFilePath:0x7f7fe91fa650:'/Users/anwenhu/Library/Developer/Xcode/Archives/2018-12-20/旅游攻略chen 2018-12-20 下午4.00.xcarchive/Products/Applications/旅游攻略chen.app'>'> to: /var/folders/lb/tby1gwds2fnb89dzkf4cq3xh0000gn/T/XcodeDistPipeline.FbM/entitlementsqmbtkv
2018-12-20 08:01:26 +0000  Running /usr/bin/codesign '-vvv' '--force' '--sign' '81BFA4754CC4289C583291E10258EB200B1A99D4' '--entitlements' '/var/folders/lb/tby1gwds2fnb89dzkf4cq3xh0000gn/T/XcodeDistPipeline.FbM/entitlementsqmbtkv' '--preserve-metadata=identifier,flags,runtime' '/var/folders/lb/tby1gwds2fnb89dzkf4cq3xh0000gn/T/XcodeDistPipeline.FbM/Root/Payload/旅游攻略chen.app'
2018-12-20 08:01:26 +0000  /var/folders/lb/tby1gwds2fnb89dzkf4cq3xh0000gn/T/XcodeDistPipeline.FbM/Root/Payload/旅游攻略chen.app: replacing existing signature
2018-12-20 08:01:30 +0000  /var/folders/lb/tby1gwds2fnb89dzkf4cq3xh0000gn/T/XcodeDistPipeline.FbM/Root/Payload/旅游攻略chen.app: signed app bundle with Mach-O universal (armv7 arm64) [com.zhiyan.chen.splvyou]
2018-12-20 08:01:30 +0000  /usr/bin/codesign exited with 0
2018-12-20 08:01:30 +0000  Processing step: IDEDistributionZipODRItemStep
2018-12-20 08:01:30 +0000  Skipping step: IDEDistributionZipODRItemStep because it said so
2018-12-20 08:01:30 +0000  Processing step: IDEDistributionCreateIPAStep
2018-12-20 08:01:30 +0000  Running /usr/bin/rsync '-8aPhhE' '/var/folders/lb/tby1gwds2fnb89dzkf4cq3xh0000gn/T/XcodeDistPipeline.FbM/Symbols' '--link-dest' '/var/folders/lb/tby1gwds2fnb89dzkf4cq3xh0000gn/T/XcodeDistPipeline.FbM' '/var/folders/lb/tby1gwds2fnb89dzkf4cq3xh0000gn/T/XcodeDistPipeline.FbM/Root'
2018-12-20 08:01:30 +0000  building file list ... 
2018-12-20 08:01:30 +0000   0 files...2018-12-20 08:01:30 +0000  3 files to consider
2018-12-20 08:01:30 +0000  Symbols/
2018-12-20 08:01:30 +0000  
sent 200 bytes  received 26 bytes  452.00 bytes/sec
total size is 768  speedup is 3.40
2018-12-20 08:01:30 +0000  /usr/bin/rsync exited with 0
2018-12-20 08:01:30 +0000  Running /usr/bin/ditto '-V' '-c' '-k' '--norsrc' '/var/folders/lb/tby1gwds2fnb89dzkf4cq3xh0000gn/T/XcodeDistPipeline.FbM/Root' '/var/folders/lb/tby1gwds2fnb89dzkf4cq3xh0000gn/T/XcodeDistPipeline.FbM/Packages/旅游攻略chen.ipa'
2018-12-20 08:01:30 +0000  >>> Copying /var/folders/lb/tby1gwds2fnb89dzkf4cq3xh0000gn/T/XcodeDistPipeline.FbM/Root 
2018-12-20 08:01:30 +0000  copying file ./Payload/旅游攻略chen.app/_CodeSignature/CodeResources ... 
2018-12-20 08:01:30 +0000  95319 bytes for ./Payload/旅游攻略chen.app/_CodeSignature/CodeResources
2018-12-20 08:01:30 +0000  copying file ./Payload/旅游攻略chen.app/AppIcon_Chen_LYGL20x20@2x~ipad.png ... 
2018-12-20 08:01:30 +0000  2136 bytes for ./Payload/旅游攻略chen.app/AppIcon_Chen_LYGL20x20@2x~ipad.png
2018-12-20 08:01:30 +0000  copying file ./Payload/旅游攻略chen.app/zh-Hans.lproj/InfoPlist.strings ... 
2018-12-20 08:01:30 +0000  42 bytes for ./Payload/旅游攻略chen.app/zh-Hans.lproj/InfoPlist.strings
2018-12-20 08:01:30 +0000  copying file ./Payload/旅游攻略chen.app/旅游攻略chen ... 
2018-12-20 08:01:33 +0000  50089792 bytes for ./Payload/旅游攻略chen.app/旅游攻略chen
2018-12-20 08:01:33 +0000  copying file ./Payload/旅游攻略chen.app/LaunchImage_Chen_LYGL-1200-Portrait-2688h@3x.png ... 
63536 bytes for ./Payload/旅游攻略chen.app/LaunchImage_Chen_LYGL-1200-Portrait-2688h@3x.png
copying file ./Payload/旅游攻略chen.app/back@2x.png ... 
293 bytes for ./Payload/旅游攻略chen.app/back@2x.png
copying file ./Payload/旅游攻略chen.app/en.lproj/InfoPlist.strings ... 
42 bytes for ./Payload/旅游攻略chen.app/en.lproj/InfoPlist.strings
copying file ./Payload/旅游攻略chen.app/AppIcon_Chen_LYGL29x29@2x~ipad.png ... 
3237 bytes for ./Payload/旅游攻略chen.app/AppIcon_Chen_LYGL29x29@2x~ipad.png
copying file ./Payload/旅游攻略chen.app/LaunchImage_Chen_LYGL-700-568h@2x.png ... 
24844 bytes for ./Payload/旅游攻略chen.app/LaunchImage_Chen_LYGL-700-568h@2x.png
copying file ./Payload/旅游攻略chen.app/WeiboSDK.bundle/images/common_button_white_highlighted@2x.png ... 
378 bytes for ./Payload/旅游攻略chen.app/WeiboSDK.bundle/images/common_button_white_highlighted@2x.png
copying file ./Payload/旅游攻略chen.app/WeiboSDK.bundle/images/common_button_white@2x.png ... 
367 bytes for ./Payload/旅游攻略chen.app/WeiboSDK.bundle/images/common_button_white@2x.png
copying file ./Payload/旅游攻略chen.app/WeiboSDK.bundle/images/empty_failed@2x.png ... 
4136 bytes for ./Payload/旅游攻略chen.app/WeiboSDK.bundle/images/empty_failed@2x.png
copying file ./Payload/旅游攻略chen.app/WeiboSDK.bundle/others/mfp.cer ... 
577 bytes for ./Payload/旅游攻略chen.app/WeiboSDK.bundle/others/mfp.cer
copying file ./Payload/旅游攻略chen.app/back@3x.png ... 
966 bytes for ./Payload/旅游攻略chen.app/back@3x.png
copying file ./Payload/旅游攻略chen.app/back@2x~ipad.png ... 
221 bytes for ./Payload/旅游攻略chen.app/back@2x~ipad.png
copying file ./Payload/旅游攻略chen.app/AppIcon_Chen_LYGL29x29~ipad.png ... 
1462 bytes for ./Payload/旅游攻略chen.app/AppIcon_Chen_LYGL29x29~ipad.png
copying file ./Payload/旅游攻略chen.app/cloud.bundle/play_noband@2x.ytcx ... 
1922 bytes for ./Payload/旅游攻略chen.app/cloud.bundle/play_noband@2x.ytcx
copying file ./Payload/旅游攻略chen.app/cloud.bundle/mute.mp3 ... 
60343 bytes for ./Payload/旅游攻略chen.app/cloud.bundle/mute.mp3
copying file ./Payload/旅游攻略chen.app/cloud.bundle/corner_tudou_gray@3x.ytcx ... 
16450 bytes for ./Payload/旅游攻略chen.app/cloud.bundle/corner_tudou_gray@3x.ytcx
copying file ./Payload/旅游攻略chen.app/cloud.bundle/toggle_quality@2x~ipad.ytcx ... 
5810 bytes for ./Payload/旅游攻略chen.app/cloud.bundle/toggle_quality@2x~ipad.ytcx
copying file ./Payload/旅游攻略chen.app/cloud.bundle/ad_arrow@2x~ipad.ytcx ... 
1202 bytes for ./Payload/旅游攻略chen.app/cloud.bundle/ad_arrow@2x~ipad.ytcx
copying file ./Payload/旅游攻略chen.app/cloud.bundle/bplay@2x.ytcx ... 
3730 bytes for ./Payload/旅游攻略chen.app/cloud.bundle/bplay@2x.ytcx
copying file ./Payload/旅游攻略chen.app/cloud.bundle/player_logo_full_tudou@2x~ipad.ytcx ... 
82818 bytes for ./Payload/旅游攻略chen.app/cloud.bundle/player_logo_full_tudou@2x~ipad.ytcx
copying file ./Payload/旅游攻略chen.app/cloud.bundle/loading_normal@3x.ytcx ... 
1474 bytes for ./Payload/旅游攻略chen.app/cloud.bundle/loading_normal@3x.ytcx
copying file ./Payload/旅游攻略chen.app/cloud.bundle/ad_fullscreen~ipad.ytcx ... 
1810 bytes for ./Payload/旅游攻略chen.app/cloud.bundle/ad_fullscreen~ipad.ytcx
copying file ./Payload/旅游攻略chen.app/cloud.bundle/player_logo_full_tudou@3x.ytcx ... 
6914 bytes for ./Payload/旅游攻略chen.app/cloud.bundle/player_logo_full_tudou@3x.ytcx
copying file ./Payload/旅游攻略chen.app/cloud.bundle/player_logo_full@3x.ytcx ... 
6562 bytes for ./Payload/旅游攻略chen.app/cloud.bundle/player_logo_full@3x.ytcx
copying file ./Payload/旅游攻略chen.app/cloud.bundle/tip_play@3x.ytcx ... 
1362 bytes for ./Payload/旅游攻略chen.app/cloud.bundle/tip_play@3x.ytcx
copying file ./Payload/旅游攻略chen.app/cloud.bundle/corner_tudou~ipad.ytcx ... 
67570 bytes for ./Payload/旅游攻略chen.app/cloud.bun
2018-12-20 08:01:35 +0000  dle/corner_tudou~ipad.ytcx
copying file ./Payload/旅游攻略chen.app/cloud.bundle/ad_volume@2x~ipad.ytcx ... 
2770 bytes for ./Payload/旅游攻略chen.app/cloud.bundle/ad_volume@2x~ipad.ytcx
copying file ./Payload/旅游攻略chen.app/cloud.bundle/loading_youku@2x~ipad.ytcx ... 
53826 bytes for ./Payload/旅游攻略chen.app/cloud.bundle/loading_youku@2x~ipad.ytcx
copying file ./Payload/旅游攻略chen.app/cloud.bundle/play@2x.ytcx ... 
2962 bytes for ./Payload/旅游攻略chen.app/cloud.bundle/play@2x.ytcx
copying file ./Payload/旅游攻略chen.app/cloud.bundle/ic_close@2x~ipad.ytcx ... 
1714 bytes for ./Payload/旅游攻略chen.app/cloud.bundle/ic_close@2x~ipad.ytcx
copying file ./Payload/旅游攻略chen.app/cloud.bundle/corner_youku_gray@3x.ytcx ... 
17074 bytes for ./Payload/旅游攻略chen.app/cloud.bundle/corner_youku_gray@3x.ytcx
copying file ./Payload/旅游攻略chen.app/cloud.bundle/wenjuan_close@2x.ytcx ... 
1234 bytes for ./Payload/旅游攻略chen.app/cloud.bundle/wenjuan_close@2x.ytcx
copying file ./Payload/旅游攻略chen.app/cloud.bundle/bplay~ipad.ytcx ... 
3810 bytes for ./Payload/旅游攻略chen.app/cloud.bundle/bplay~ipad.ytcx
copying file ./Payload/旅游攻略chen.app/cloud.bundle/tip_play~ipad.ytcx ... 
898 bytes for ./Payload/旅游攻略chen.app/cloud.bundle/tip_play~ipad.ytcx
copying file ./Payload/旅游攻略chen.app/cloud.bundle/corner_youku@2x~ipad.ytcx ... 
4578 bytes for ./Payload/旅游攻略chen.app/cloud.bundle/corner_youku@2x~ipad.ytcx
copying file ./Payload/旅游攻略chen.app/cloud.bundle/loading_normal@2x.ytcx ... 
978 bytes for ./Payload/旅游攻略chen.app/cloud.bundle/loading_normal@2x.ytcx
copying file ./Payload/旅游攻略chen.app/cloud.bundle/toggle_quality~ipad.ytcx ... 
2754 bytes for ./Payload/旅游攻略chen.app/cloud.bundle/toggle_quality~ipad.ytcx
copying file ./Payload/旅游攻略chen.app/cloud.bundle/bplay@3x.ytcx ... 
1058 bytes for ./Payload/旅游攻略chen.app/cloud.bundle/bplay@3x.ytcx
copying file ./Payload/旅游攻略chen.app/cloud.bundle/corner_youku_gray~ipad.ytcx ... 
16498 bytes for ./Payload/旅游攻略chen.app/cloud.bundle/corner_youku_gray~ipad.ytcx
copying file ./Payload/旅游攻略chen.app/cloud.bundle/player_logo_full@2x.ytcx ... 
8642 bytes for ./Payload/旅游攻略chen.app/cloud.bundle/player_logo_full@2x.ytcx
copying file ./Payload/旅游攻略chen.app/cloud.bundle/ad_volume_off@2x~ipad.ytcx ... 
2418 bytes for ./Payload/旅游攻略chen.app/cloud.bundle/ad_volume_off@2x~ipad.ytcx
copying file ./Payload/旅游攻略chen.app/cloud.bundle/tip_play@2x.ytcx ... 
3570 bytes for ./Payload/旅游攻略chen.app/cloud.bundle/tip_play@2x.ytcx
copying file ./Payload/旅游攻略chen.app/cloud.bundle/point@2x~ipad.ytcx ... 
4594 bytes for ./Payload/旅游攻略chen.app/cloud.bundle/point@2x~ipad.ytcx
copying file ./Payload/旅游攻略chen.app/cloud.bundle/player_logo_full_tudou@2x.ytcx ... 
64194 bytes for ./Payload/旅游攻略chen.app/cloud.bundle/player_logo_full_tudou@2x.ytcx
copying file ./Payload/旅游攻略chen.app/cloud.bundle/play_noband@3x.ytcx ... 
2562 bytes for ./Payload/旅游攻略chen.app/cloud.bundle/play_noband@3x.ytcx
copying file ./Payload/旅游攻略chen.app/cloud.bundle/player_logo_small@2x~ipad.ytcx ... 
9730 bytes for ./Payload/旅游攻略chen.app/cloud.bundle/player_logo_small@2x~ipad.ytcx
copying file ./Payload/旅游攻略chen.app/cloud.bundle/ad_out@2x~ipad.ytcx ... 
1474 bytes for ./Payload/旅游攻略chen.app/cloud.bundle/ad_out@2x~ipad.ytcx
copying file ./Payload/旅游攻略chen.app/cloud.bundle/tip_play@2x~ipad.ytcx ... 
1778 bytes for ./Payload/旅游攻略chen.app/cloud.bundle/tip_play@2x~ipad.ytcx
copying file ./Payload/旅游攻略chen.app/cloud.bundle/corner_tudou_gray@2x.ytcx ... 
15650 bytes for ./Payload/旅游攻略chen.app/cloud.bundle/corner_tudou_gray@2x.ytcx
copying file ./Payload/旅游攻略chen.app/cloud.bundle/tip_play_noband~ipad.ytcx ... 
14994 bytes for ./Payload/旅游攻略chen.app/cloud.bundle/tip_play_noband~ipad.ytcx
copying file ./Payload/旅游攻略chen.app/cloud.bundle/wenjuan_
2018-12-20 08:01:35 +0000  /usr/bin/ditto exited with 0
2018-12-20 08:01:35 +0000  Processing step: IDEDistributionAppStoreInformationStep
2018-12-20 08:01:35 +0000  Skipping step: IDEDistributionAppStoreInformationStep because it said so
2018-12-20 08:01:35 +0000  Processing step: IDEDistributionCreateManifestStep
2018-12-20 08:01:35 +0000  Skipping step: IDEDistributionCreateManifestStep because it said so
